17:59:49 INFO  : Registering command handlers for SDK TCF services
17:59:54 INFO  : Launching XSCT server: xsct -n -interactive /home/joaovieira/reconfigurable_computing/xilinx/ps2pl_32bit/BandwidthAssessment.sdk/temp_xsdb_launch_script.tcl
18:00:01 INFO  : XSCT server has started successfully.
18:00:02 INFO  : Successfully done setting XSCT server connection channel  
18:00:10 INFO  : Successfully done setting SDK workspace  
18:00:10 INFO  : Processing command line option -hwspec /home/joaovieira/reconfigurable_computing/xilinx/ps2pl_32bit/BandwidthAssessment.sdk/design_1_wrapper.hdf.
18:05:00 INFO  : Inferring section assignments and sizes from elf file: /home/joaovieira/reconfigurable_computing/xilinx/ps2pl_32bit/BandwidthAssessment.sdk/BandwidthAssessment/Debug/BandwidthAssessment.elf
18:05:11 INFO  : Successfully generated /home/joaovieira/reconfigurable_computing/xilinx/ps2pl_32bit/BandwidthAssessment.sdk/BandwidthAssessment/src/lscript.ld.
18:05:11 INFO  : Applying linker script to all configurations of project BandwidthAssessment.
18:05:11 INFO  : Setting rebuild state to true for all configurations of project BandwidthAssessment.
18:05:24 INFO  : Connected to target on host '127.0.0.1' and port '3121'.
18:05:24 INFO  : Jtag cable 'Digilent Zybo 210279787593A' is selected.
18:05:24 INFO  : 'jtag frequency' command is executed.
18:05:24 INFO  : Sourcing of '/home/joaovieira/reconfigurable_computing/xilinx/ps2pl_32bit/BandwidthAssessment.sdk/design_1_wrapper_hw_platform_0/ps7_init.tcl' is done.
18:05:24 INFO  : Context for 'APU' is selected.
18:05:25 INFO  : System reset is completed.
18:05:28 INFO  : 'after 3000' command is executed.
18:05:28 INFO  : 'targets -set -filter {jtag_cable_name =~ "Digilent Zybo 210279787593A" && level==0} -index 1' command is executed.
18:05:29 INFO  : FPGA configured successfully with bitstream "/home/joaovieira/reconfigurable_computing/xilinx/ps2pl_32bit/BandwidthAssessment.sdk/design_1_wrapper_hw_platform_0/design_1_wrapper.bit"
18:05:29 INFO  : Context for 'APU' is selected.
18:05:29 INFO  : Hardware design information is loaded from '/home/joaovieira/reconfigurable_computing/xilinx/ps2pl_32bit/BandwidthAssessment.sdk/design_1_wrapper_hw_platform_0/system.hdf'.
18:05:29 INFO  : 'configparams force-mem-access 1' command is executed.
18:05:29 INFO  : Context for 'APU' is selected.
18:05:30 INFO  : 'ps7_init' command is executed.
18:05:30 INFO  : 'ps7_post_config' command is executed.
18:05:30 INFO  : Context for processor 'ps7_cortexa9_0' is selected.
18:05:30 INFO  : The application '/home/joaovieira/reconfigurable_computing/xilinx/ps2pl_32bit/BandwidthAssessment.sdk/BandwidthAssessment/Debug/BandwidthAssessment.elf' is downloaded to processor 'ps7_cortexa9_0'.
18:05:30 INFO  : 'configparams force-mem-access 0' command is executed.
18:05:30 INFO  : ----------------XSDB Script----------------
connect -url tcp:127.0.0.1:3121
source /home/joaovieira/reconfigurable_computing/xilinx/ps2pl_32bit/BandwidthAssessment.sdk/design_1_wrapper_hw_platform_0/ps7_init.tcl
targets -set -nocase -filter {name =~"APU*" && jtag_cable_name =~ "Digilent Zybo 210279787593A"} -index 0
rst -system
after 3000
targets -set -filter {jtag_cable_name =~ "Digilent Zybo 210279787593A" && level==0} -index 1
fpga -file /home/joaovieira/reconfigurable_computing/xilinx/ps2pl_32bit/BandwidthAssessment.sdk/design_1_wrapper_hw_platform_0/design_1_wrapper.bit
targets -set -nocase -filter {name =~"APU*" && jtag_cable_name =~ "Digilent Zybo 210279787593A"} -index 0
loadhw -hw /home/joaovieira/reconfigurable_computing/xilinx/ps2pl_32bit/BandwidthAssessment.sdk/design_1_wrapper_hw_platform_0/system.hdf -mem-ranges [list {0x40000000 0xbfffffff}]
configparams force-mem-access 1
targets -set -nocase -filter {name =~"APU*" && jtag_cable_name =~ "Digilent Zybo 210279787593A"} -index 0
ps7_init
ps7_post_config
targets -set -nocase -filter {name =~ "ARM*#0" && jtag_cable_name =~ "Digilent Zybo 210279787593A"} -index 0
dow /home/joaovieira/reconfigurable_computing/xilinx/ps2pl_32bit/BandwidthAssessment.sdk/BandwidthAssessment/Debug/BandwidthAssessment.elf
configparams force-mem-access 0
----------------End of Script----------------

18:05:30 INFO  : Memory regions updated for context APU
18:05:30 INFO  : Context for processor 'ps7_cortexa9_0' is selected.
18:05:31 INFO  : 'con' command is executed.
18:05:31 INFO  : ----------------XSDB Script (After Launch)----------------
targets -set -nocase -filter {name =~ "ARM*#0" && jtag_cable_name =~ "Digilent Zybo 210279787593A"} -index 0
con
----------------End of Script----------------

18:05:31 INFO  : Launch script is exported to file '/home/joaovieira/reconfigurable_computing/xilinx/ps2pl_32bit/BandwidthAssessment.sdk/.sdk/launch_scripts/xilinx_c-c++_application_(system_debugger)/bandwidthassessment.tcl'
18:06:09 INFO  : Disconnected from the channel tcfchan#1.
18:04:46 INFO  : Registering command handlers for SDK TCF services
18:04:51 INFO  : Launching XSCT server: xsct -n -interactive /home/joaovieira/reconfigurable_computing/xilinx/ps2pl_32bit/BandwidthAssessment.sdk/temp_xsdb_launch_script.tcl
18:04:57 INFO  : XSCT server has started successfully.
18:04:57 INFO  : Successfully done setting XSCT server connection channel  
18:05:04 INFO  : Successfully done setting SDK workspace  
18:05:04 INFO  : Processing command line option -hwspec /home/joaovieira/reconfigurable_computing/xilinx/ps2pl_32bit/BandwidthAssessment.sdk/design_1_wrapper.hdf.
18:05:04 INFO  : Checking for hwspec changes in the project design_1_wrapper_hw_platform_0.
18:10:48 INFO  : Successfully generated /home/joaovieira/reconfigurable_computing/xilinx/ps2pl_32bit/BandwidthAssessment.sdk/BandwidthAssessment/src/lscript.ld.
18:10:48 INFO  : Applying linker script to all configurations of project BandwidthAssessment.
18:10:48 INFO  : Setting rebuild state to true for all configurations of project BandwidthAssessment.
18:11:57 INFO  : Connected to target on host '127.0.0.1' and port '3121'.
18:11:58 INFO  : Jtag cable 'Digilent Zybo 210279787593A' is selected.
18:11:58 INFO  : 'jtag frequency' command is executed.
18:11:58 INFO  : Sourcing of '/home/joaovieira/reconfigurable_computing/xilinx/ps2pl_32bit/BandwidthAssessment.sdk/design_1_wrapper_hw_platform_0/ps7_init.tcl' is done.
18:11:58 INFO  : Context for 'APU' is selected.
18:11:58 INFO  : System reset is completed.
18:12:01 INFO  : 'after 3000' command is executed.
18:12:02 INFO  : 'targets -set -filter {jtag_cable_name =~ "Digilent Zybo 210279787593A" && level==0} -index 1' command is executed.
18:12:03 INFO  : FPGA configured successfully with bitstream "/home/joaovieira/reconfigurable_computing/xilinx/ps2pl_32bit/BandwidthAssessment.sdk/design_1_wrapper_hw_platform_0/design_1_wrapper.bit"
18:12:03 INFO  : Context for 'APU' is selected.
18:12:03 INFO  : Hardware design information is loaded from '/home/joaovieira/reconfigurable_computing/xilinx/ps2pl_32bit/BandwidthAssessment.sdk/design_1_wrapper_hw_platform_0/system.hdf'.
18:12:03 INFO  : 'configparams force-mem-access 1' command is executed.
18:12:03 INFO  : Context for 'APU' is selected.
18:12:04 INFO  : 'ps7_init' command is executed.
18:12:04 INFO  : 'ps7_post_config' command is executed.
18:12:04 INFO  : Context for processor 'ps7_cortexa9_0' is selected.
18:12:04 INFO  : The application '/home/joaovieira/reconfigurable_computing/xilinx/ps2pl_32bit/BandwidthAssessment.sdk/BandwidthAssessment/Debug/BandwidthAssessment.elf' is downloaded to processor 'ps7_cortexa9_0'.
18:12:04 INFO  : 'configparams force-mem-access 0' command is executed.
18:12:04 INFO  : ----------------XSDB Script----------------
connect -url tcp:127.0.0.1:3121
source /home/joaovieira/reconfigurable_computing/xilinx/ps2pl_32bit/BandwidthAssessment.sdk/design_1_wrapper_hw_platform_0/ps7_init.tcl
targets -set -nocase -filter {name =~"APU*" && jtag_cable_name =~ "Digilent Zybo 210279787593A"} -index 0
rst -system
after 3000
targets -set -filter {jtag_cable_name =~ "Digilent Zybo 210279787593A" && level==0} -index 1
fpga -file /home/joaovieira/reconfigurable_computing/xilinx/ps2pl_32bit/BandwidthAssessment.sdk/design_1_wrapper_hw_platform_0/design_1_wrapper.bit
targets -set -nocase -filter {name =~"APU*" && jtag_cable_name =~ "Digilent Zybo 210279787593A"} -index 0
loadhw -hw /home/joaovieira/reconfigurable_computing/xilinx/ps2pl_32bit/BandwidthAssessment.sdk/design_1_wrapper_hw_platform_0/system.hdf -mem-ranges [list {0x40000000 0xbfffffff}]
configparams force-mem-access 1
targets -set -nocase -filter {name =~"APU*" && jtag_cable_name =~ "Digilent Zybo 210279787593A"} -index 0
ps7_init
ps7_post_config
targets -set -nocase -filter {name =~ "ARM*#0" && jtag_cable_name =~ "Digilent Zybo 210279787593A"} -index 0
dow /home/joaovieira/reconfigurable_computing/xilinx/ps2pl_32bit/BandwidthAssessment.sdk/BandwidthAssessment/Debug/BandwidthAssessment.elf
configparams force-mem-access 0
----------------End of Script----------------

18:12:04 INFO  : Memory regions updated for context APU
18:12:04 INFO  : Context for processor 'ps7_cortexa9_0' is selected.
18:12:04 INFO  : 'con' command is executed.
18:12:04 INFO  : ----------------XSDB Script (After Launch)----------------
targets -set -nocase -filter {name =~ "ARM*#0" && jtag_cable_name =~ "Digilent Zybo 210279787593A"} -index 0
con
----------------End of Script----------------

18:12:04 INFO  : Launch script is exported to file '/home/joaovieira/reconfigurable_computing/xilinx/ps2pl_32bit/BandwidthAssessment.sdk/.sdk/launch_scripts/xilinx_c-c++_application_(system_debugger)/bandwidthassessment.tcl'
18:19:53 INFO  : Disconnected from the channel tcfchan#1.
18:19:55 INFO  : Connected to target on host '127.0.0.1' and port '3121'.
18:20:04 INFO  : ----------------XSDB Script----------------
connect -url tcp:127.0.0.1:3121
----------------End of Script----------------

18:21:41 INFO  : Connected to target on host '127.0.0.1' and port '3121'.
18:21:41 INFO  : Jtag cable 'Digilent Zybo 210279787593A' is selected.
18:21:41 INFO  : 'jtag frequency' command is executed.
18:21:41 INFO  : Sourcing of '/home/joaovieira/reconfigurable_computing/xilinx/ps2pl_32bit/BandwidthAssessment.sdk/design_1_wrapper_hw_platform_0/ps7_init.tcl' is done.
18:21:41 INFO  : Context for 'APU' is selected.
18:21:41 INFO  : System reset is completed.
18:21:44 INFO  : 'after 3000' command is executed.
18:21:44 INFO  : 'targets -set -filter {jtag_cable_name =~ "Digilent Zybo 210279787593A" && level==0} -index 1' command is executed.
18:21:46 INFO  : FPGA configured successfully with bitstream "/home/joaovieira/reconfigurable_computing/xilinx/ps2pl_32bit/BandwidthAssessment.sdk/design_1_wrapper_hw_platform_0/design_1_wrapper.bit"
18:21:46 INFO  : Context for 'APU' is selected.
18:21:50 INFO  : Hardware design information is loaded from '/home/joaovieira/reconfigurable_computing/xilinx/ps2pl_32bit/BandwidthAssessment.sdk/design_1_wrapper_hw_platform_0/system.hdf'.
18:21:50 INFO  : 'configparams force-mem-access 1' command is executed.
18:21:51 INFO  : Context for 'APU' is selected.
18:21:51 INFO  : 'ps7_init' command is executed.
18:21:51 INFO  : 'ps7_post_config' command is executed.
18:21:51 INFO  : Context for processor 'ps7_cortexa9_0' is selected.
18:21:51 INFO  : The application '/home/joaovieira/reconfigurable_computing/xilinx/ps2pl_32bit/BandwidthAssessment.sdk/BandwidthAssessment/Debug/BandwidthAssessment.elf' is downloaded to processor 'ps7_cortexa9_0'.
18:21:51 INFO  : 'configparams force-mem-access 0' command is executed.
18:21:51 INFO  : ----------------XSDB Script----------------
connect -url tcp:127.0.0.1:3121
source /home/joaovieira/reconfigurable_computing/xilinx/ps2pl_32bit/BandwidthAssessment.sdk/design_1_wrapper_hw_platform_0/ps7_init.tcl
targets -set -nocase -filter {name =~"APU*" && jtag_cable_name =~ "Digilent Zybo 210279787593A"} -index 0
rst -system
after 3000
targets -set -filter {jtag_cable_name =~ "Digilent Zybo 210279787593A" && level==0} -index 1
fpga -file /home/joaovieira/reconfigurable_computing/xilinx/ps2pl_32bit/BandwidthAssessment.sdk/design_1_wrapper_hw_platform_0/design_1_wrapper.bit
targets -set -nocase -filter {name =~"APU*" && jtag_cable_name =~ "Digilent Zybo 210279787593A"} -index 0
loadhw -hw /home/joaovieira/reconfigurable_computing/xilinx/ps2pl_32bit/BandwidthAssessment.sdk/design_1_wrapper_hw_platform_0/system.hdf -mem-ranges [list {0x40000000 0xbfffffff}]
configparams force-mem-access 1
targets -set -nocase -filter {name =~"APU*" && jtag_cable_name =~ "Digilent Zybo 210279787593A"} -index 0
ps7_init
ps7_post_config
targets -set -nocase -filter {name =~ "ARM*#0" && jtag_cable_name =~ "Digilent Zybo 210279787593A"} -index 0
dow /home/joaovieira/reconfigurable_computing/xilinx/ps2pl_32bit/BandwidthAssessment.sdk/BandwidthAssessment/Debug/BandwidthAssessment.elf
configparams force-mem-access 0
----------------End of Script----------------

18:21:51 INFO  : Memory regions updated for context APU
18:21:52 INFO  : Context for processor 'ps7_cortexa9_0' is selected.
18:21:52 INFO  : 'con' command is executed.
18:21:52 INFO  : ----------------XSDB Script (After Launch)----------------
targets -set -nocase -filter {name =~ "ARM*#0" && jtag_cable_name =~ "Digilent Zybo 210279787593A"} -index 0
con
----------------End of Script----------------

18:21:52 INFO  : Launch script is exported to file '/home/joaovieira/reconfigurable_computing/xilinx/ps2pl_32bit/BandwidthAssessment.sdk/.sdk/launch_scripts/xilinx_c-c++_application_(system_debugger)/bandwidthassessment.tcl'
18:38:34 INFO  : Disconnected from the channel tcfchan#2.
18:46:13 INFO  : Registering command handlers for SDK TCF services
18:46:16 INFO  : Launching XSCT server: xsct -n -interactive /home/joaovieira/FPGA_SoC_DMA_stress/xilinx/hw/ps2pl_32bit/BandwidthAssessment.sdk/temp_xsdb_launch_script.tcl
18:46:23 INFO  : XSCT server has started successfully.
18:46:27 INFO  : Successfully done setting XSCT server connection channel  
18:46:27 INFO  : Successfully done setting SDK workspace  
18:46:27 INFO  : Processing command line option -hwspec /home/joaovieira/FPGA_SoC_DMA_stress/xilinx/hw/ps2pl_32bit/BandwidthAssessment.sdk/design_1_wrapper.hdf.
18:47:36 INFO  : Launching XSCT server: xsct -n -interactive /home/joaovieira/FPGA_SoC_DMA_stress/xilinx/hw/ps2pl_32bit/BandwidthAssessment.sdk/temp_xsdb_launch_script.tcl
18:47:40 INFO  : XSCT server has started successfully.
18:47:40 INFO  : Successfully done setting XSCT server connection channel  
18:47:41 INFO  : Successfully done setting SDK workspace  
18:47:43 INFO  : Registering command handlers for SDK TCF services
18:47:43 INFO  : Processing command line option -hwspec /home/joaovieira/FPGA_SoC_DMA_stress/xilinx/hw/ps2pl_32bit/BandwidthAssessment.sdk/design_1_wrapper.hdf.
18:54:45 INFO  : Connected to target on host '127.0.0.1' and port '3121'.
18:54:46 INFO  : Jtag cable 'Digilent Zybo 210279787593A' is selected.
18:54:46 INFO  : 'jtag frequency' command is executed.
18:54:46 INFO  : Sourcing of '/home/joaovieira/FPGA_SoC_DMA_stress/xilinx/hw/ps2pl_32bit/BandwidthAssessment.sdk/design_1_wrapper_hw_platform_0/ps7_init.tcl' is done.
18:54:46 INFO  : Context for 'APU' is selected.
18:54:46 INFO  : System reset is completed.
18:54:49 INFO  : 'after 3000' command is executed.
18:54:49 INFO  : 'targets -set -filter {jtag_cable_name =~ "Digilent Zybo 210279787593A" && level==0} -index 1' command is executed.
18:54:51 INFO  : FPGA configured successfully with bitstream "/home/joaovieira/FPGA_SoC_DMA_stress/xilinx/hw/ps2pl_32bit/BandwidthAssessment.sdk/design_1_wrapper_hw_platform_0/design_1_wrapper.bit"
18:54:51 INFO  : Context for 'APU' is selected.
18:54:51 INFO  : Hardware design information is loaded from '/home/joaovieira/FPGA_SoC_DMA_stress/xilinx/hw/ps2pl_32bit/BandwidthAssessment.sdk/design_1_wrapper_hw_platform_0/system.hdf'.
18:54:51 INFO  : 'configparams force-mem-access 1' command is executed.
18:54:51 INFO  : Context for 'APU' is selected.
18:54:51 INFO  : 'ps7_init' command is executed.
18:54:51 INFO  : 'ps7_post_config' command is executed.
18:54:51 INFO  : Context for processor 'ps7_cortexa9_0' is selected.
18:54:52 INFO  : The application '/home/joaovieira/FPGA_SoC_DMA_stress/xilinx/hw/ps2pl_32bit/BandwidthAssessment.sdk/BandwidthAssessment/Debug/BandwidthAssessment.elf' is downloaded to processor 'ps7_cortexa9_0'.
18:54:52 INFO  : 'configparams force-mem-access 0' command is executed.
18:54:52 INFO  : ----------------XSDB Script----------------
connect -url tcp:127.0.0.1:3121
source /home/joaovieira/FPGA_SoC_DMA_stress/xilinx/hw/ps2pl_32bit/BandwidthAssessment.sdk/design_1_wrapper_hw_platform_0/ps7_init.tcl
targets -set -nocase -filter {name =~"APU*" && jtag_cable_name =~ "Digilent Zybo 210279787593A"} -index 0
rst -system
after 3000
targets -set -filter {jtag_cable_name =~ "Digilent Zybo 210279787593A" && level==0} -index 1
fpga -file /home/joaovieira/FPGA_SoC_DMA_stress/xilinx/hw/ps2pl_32bit/BandwidthAssessment.sdk/design_1_wrapper_hw_platform_0/design_1_wrapper.bit
targets -set -nocase -filter {name =~"APU*" && jtag_cable_name =~ "Digilent Zybo 210279787593A"} -index 0
loadhw -hw /home/joaovieira/FPGA_SoC_DMA_stress/xilinx/hw/ps2pl_32bit/BandwidthAssessment.sdk/design_1_wrapper_hw_platform_0/system.hdf -mem-ranges [list {0x40000000 0xbfffffff}]
configparams force-mem-access 1
targets -set -nocase -filter {name =~"APU*" && jtag_cable_name =~ "Digilent Zybo 210279787593A"} -index 0
ps7_init
ps7_post_config
targets -set -nocase -filter {name =~ "ARM*#0" && jtag_cable_name =~ "Digilent Zybo 210279787593A"} -index 0
dow /home/joaovieira/FPGA_SoC_DMA_stress/xilinx/hw/ps2pl_32bit/BandwidthAssessment.sdk/BandwidthAssessment/Debug/BandwidthAssessment.elf
configparams force-mem-access 0
----------------End of Script----------------

18:54:52 INFO  : Memory regions updated for context APU
18:54:52 INFO  : Context for processor 'ps7_cortexa9_0' is selected.
18:54:52 INFO  : 'con' command is executed.
18:54:52 INFO  : ----------------XSDB Script (After Launch)----------------
targets -set -nocase -filter {name =~ "ARM*#0" && jtag_cable_name =~ "Digilent Zybo 210279787593A"} -index 0
con
----------------End of Script----------------

18:54:52 INFO  : Launch script is exported to file '/home/joaovieira/FPGA_SoC_DMA_stress/xilinx/hw/ps2pl_32bit/BandwidthAssessment.sdk/.sdk/launch_scripts/xilinx_c-c++_application_(system_debugger)/bandwidthassessment.tcl'
18:55:14 INFO  : Disconnected from the channel tcfchan#1.
