#-----------------------------------------------------------
# Webtalk v2018.3 (64-bit)
# SW Build 2405991 on Thu Dec  6 23:36:41 MST 2018
# 
# Start of session at: Tue Mar 10 13:59:24 2020
# Process ID: 1427
# Current directory: /home/joaovieira/reconfigurable_computing/xilinx/BandwidthAssessment/BandwidthAssessment.sdk/webtalk
# Command line: wbtcv -mode batch -source sdk_webtalk.tcl
# Log file: /home/joaovieira/reconfigurable_computing/xilinx/BandwidthAssessment/BandwidthAssessment.sdk/webtalk/webtalk.log
# Journal file: /home/joaovieira/reconfigurable_computing/xilinx/BandwidthAssessment/BandwidthAssessment.sdk/webtalk/webtalk.jou
#-----------------------------------------------------------
source sdk_webtalk.tcl
# webtalk_init -webtalk_dir /home/joaovieira/reconfigurable_computing/xilinx/BandwidthAssessment/BandwidthAssessment.sdk/webtalk
# webtalk_register_client -client project
# webtalk_add_data -client project -key date_generated -value "2020-03-10 13:59:18" -context "software_version_and_target_device"
# webtalk_add_data -client project -key product_version -value "SDK v2018.3" -context "software_version_and_target_device"
# webtalk_add_data -client project -key build_version -value "2018.3" -context "software_version_and_target_device"
# webtalk_add_data -client project -key os_platform -value "amd64" -context "software_version_and_target_device"
# webtalk_add_data -client project -key registration_id -value "" -context "software_version_and_target_device"
# webtalk_add_data -client project -key tool_flow -value "SDK" -context "software_version_and_target_device"
# webtalk_add_data -client project -key beta -value "false" -context "software_version_and_target_device"
# webtalk_add_data -client project -key route_design -value "NA" -context "software_version_and_target_device"
# webtalk_add_data -client project -key target_family -value "NA" -context "software_version_and_target_device"
# webtalk_add_data -client project -key target_device -value "NA" -context "software_version_and_target_device"
# webtalk_add_data -client project -key target_package -value "NA" -context "software_version_and_target_device"
# webtalk_add_data -client project -key target_speed -value "NA" -context "software_version_and_target_device"
# webtalk_add_data -client project -key random_id -value "dk41f012172er1hqul171q7qpa" -context "software_version_and_target_device"
# webtalk_add_data -client project -key project_id -value "2018.3_3" -context "software_version_and_target_device"
# webtalk_add_data -client project -key project_iteration -value "3" -context "software_version_and_target_device"
# webtalk_add_data -client project -key os_name -value "unknown" -context "user_environment"
# webtalk_add_data -client project -key os_release -value "unknown" -context "user_environment"
# webtalk_add_data -client project -key cpu_name -value "Intel(R) Core(TM)2 Quad CPU           @ 2.40GHz" -context "user_environment"
# webtalk_add_data -client project -key cpu_speed -value "2403.000 MHz" -context "user_environment"
# webtalk_add_data -client project -key total_processors -value "1" -context "user_environment"
# webtalk_add_data -client project -key system_ram -value "3.971 GB" -context "user_environment"
# webtalk_register_client -client sdk
# webtalk_add_data -client sdk -key uid -value "1583844150000" -context "sdk\\\\bsp/1583844150000"
# webtalk_add_data -client sdk -key hwid -value "1583843929000" -context "sdk\\\\bsp/1583844150000"
# webtalk_add_data -client sdk -key os -value "standalone" -context "sdk\\\\bsp/1583844150000"
# webtalk_add_data -client sdk -key apptemplate -value "empty_application" -context "sdk\\\\bsp/1583844150000"
# webtalk_add_data -client sdk -key RecordType -value "BSPCreation" -context "sdk\\\\bsp/1583844150000"
# webtalk_add_data -client sdk -key uid -value "1583844151000" -context "sdk\\\\application/1583844151000"
# webtalk_add_data -client sdk -key hwid -value "1583843929000" -context "sdk\\\\application/1583844151000"
# webtalk_add_data -client sdk -key bspid -value "1583844150000" -context "sdk\\\\application/1583844151000"
# webtalk_add_data -client sdk -key newbsp -value "true" -context "sdk\\\\application/1583844151000"
# webtalk_add_data -client sdk -key os -value "standalone" -context "sdk\\\\application/1583844151000"
# webtalk_add_data -client sdk -key apptemplate -value "empty_application" -context "sdk\\\\application/1583844151000"
# webtalk_add_data -client sdk -key RecordType -value "APPCreation" -context "sdk\\\\application/1583844151000"
# webtalk_add_data -client sdk -key LangUsed -value "C" -context "sdk\\\\application/1583844151000"
# webtalk_add_data -client sdk -key Procused -value "ps7_cortexa9" -context "sdk\\\\application/1583844151000"
# webtalk_add_data -client sdk -key projSize -value "303.109375" -context "sdk\\\\application/1583844151000"
# webtalk_add_data -client sdk -key uid -value "NA" -context "sdk\\\\bsp/1583848758703"
# webtalk_add_data -client sdk -key RecordType -value "ToolUsage" -context "sdk\\\\bsp/1583848758703"
# webtalk_add_data -client sdk -key BootgenCount -value "0" -context "sdk\\\\bsp/1583848758703"
# webtalk_add_data -client sdk -key DebugCount -value "15" -context "sdk\\\\bsp/1583848758703"
# webtalk_add_data -client sdk -key PerfCount -value "0" -context "sdk\\\\bsp/1583848758703"
# webtalk_add_data -client sdk -key FlashCount -value "0" -context "sdk\\\\bsp/1583848758703"
# webtalk_add_data -client sdk -key CrossTriggCount -value "0" -context "sdk\\\\bsp/1583848758703"
# webtalk_add_data -client sdk -key QemuDebugCount -value "0" -context "sdk\\\\bsp/1583848758703"
# webtalk_transmit -clientid 569480543 -regid "" -xml /home/joaovieira/reconfigurable_computing/xilinx/BandwidthAssessment/BandwidthAssessment.sdk/webtalk/usage_statistics_ext_sdk.xml -html /home/joaovieira/reconfigurable_computing/xilinx/BandwidthAssessment/BandwidthAssessment.sdk/webtalk/usage_statistics_ext_sdk.html -wdm /home/joaovieira/reconfigurable_computing/xilinx/BandwidthAssessment/BandwidthAssessment.sdk/webtalk/sdk_webtalk.wdm -intro "<H3>SDK Usage Report</H3><BR>"
# webtalk_terminate
INFO: [Common 17-206] Exiting Webtalk at Tue Mar 10 13:59:24 2020...
