19:30:03 **** Auto Build of configuration Debug for project BandwidthAssessment ****
make pre-build main-build 
a9-linaro-pre-build-step
 
Building file: ../src/main.c
Invoking: ARM v7 gcc compiler
arm-none-eabi-gcc -Wall -O0 -g3 -c -fmessage-length=0 -MT"src/main.o" -mcpu=cortex-a9 -mfpu=vfpv3 -mfloat-abi=hard -I../../BandwidthAssessment_bsp/ps7_cortexa9_0/include -MMD -MP -MF"src/main.d" -MT"src/main.o" -o "src/main.o" "../src/main.c"
In file included from ../src/main.c:4:0:
../../BandwidthAssessment_bsp/ps7_cortexa9_0/include/xtime_l.h:87:9: note: #pragma message: For the sleep routines, Global timer is being used
 #pragma message ("For the sleep routines, Global timer is being used")
         ^~~~~~~
Finished building: ../src/main.c
 
Building target: BandwidthAssessment.elf
Invoking: ARM v7 gcc linker
arm-none-eabi-gcc -mcpu=cortex-a9 -mfpu=vfpv3 -mfloat-abi=hard -Wl,-build-id=none -specs=Xilinx.spec -Wl,-T -Wl,../src/lscript.ld -L../../BandwidthAssessment_bsp/ps7_cortexa9_0/lib -o "BandwidthAssessment.elf"  ./src/DMAInterface.o ./src/main.o   -lm -Wl,--start-group,-lxil,-lgcc,-lc,--end-group
Finished building target: BandwidthAssessment.elf
 
Invoking: ARM v7 Print Size
arm-none-eabi-size BandwidthAssessment.elf  |tee "BandwidthAssessment.elf.size"
   text	   data	    bss	    dec	    hex	filename
  86276	   2856	  87488	 176620	  2b1ec	BandwidthAssessment.elf
Finished building: BandwidthAssessment.elf.size
 

19:30:04 Build Finished (took 514ms)

