12:59:08 INFO  : Registering command handlers for SDK TCF services
12:59:12 INFO  : Launching XSCT server: xsct -n -interactive /home/joaovieira/reconfigurable_computing/xilinx/var_stream_size/BandwidthAssessment.sdk/temp_xsdb_launch_script.tcl
12:59:20 INFO  : XSCT server has started successfully.
12:59:20 INFO  : Successfully done setting XSCT server connection channel  
12:59:28 INFO  : Successfully done setting SDK workspace  
12:59:28 INFO  : Processing command line option -hwspec /home/joaovieira/reconfigurable_computing/xilinx/var_stream_size/BandwidthAssessment.sdk/design_1_wrapper.hdf.
13:01:35 INFO  : Inferring section assignments and sizes from elf file: /home/joaovieira/reconfigurable_computing/xilinx/var_stream_size/BandwidthAssessment.sdk/BandwidthAssessment/Debug/BandwidthAssessment.elf
13:02:04 INFO  : Successfully generated /home/joaovieira/reconfigurable_computing/xilinx/var_stream_size/BandwidthAssessment.sdk/BandwidthAssessment/src/lscript.ld.
13:02:04 INFO  : Applying linker script to all configurations of project BandwidthAssessment.
13:02:04 INFO  : Setting rebuild state to true for all configurations of project BandwidthAssessment.
13:03:23 INFO  : Connected to target on host '127.0.0.1' and port '3121'.
13:03:24 INFO  : Jtag cable 'Digilent Zybo 210279787593A' is selected.
13:03:24 INFO  : 'jtag frequency' command is executed.
13:03:24 INFO  : Sourcing of '/home/joaovieira/reconfigurable_computing/xilinx/var_stream_size/BandwidthAssessment.sdk/design_1_wrapper_hw_platform_0/ps7_init.tcl' is done.
13:03:24 INFO  : Context for 'APU' is selected.
13:03:24 INFO  : System reset is completed.
13:03:27 INFO  : 'after 3000' command is executed.
13:03:27 INFO  : 'targets -set -filter {jtag_cable_name =~ "Digilent Zybo 210279787593A" && level==0} -index 1' command is executed.
13:03:29 INFO  : FPGA configured successfully with bitstream "/home/joaovieira/reconfigurable_computing/xilinx/var_stream_size/BandwidthAssessment.sdk/design_1_wrapper_hw_platform_0/design_1_wrapper.bit"
13:03:29 INFO  : Context for 'APU' is selected.
13:03:29 INFO  : Hardware design information is loaded from '/home/joaovieira/reconfigurable_computing/xilinx/var_stream_size/BandwidthAssessment.sdk/design_1_wrapper_hw_platform_0/system.hdf'.
13:03:29 INFO  : 'configparams force-mem-access 1' command is executed.
13:03:29 INFO  : Context for 'APU' is selected.
13:03:29 INFO  : 'ps7_init' command is executed.
13:03:29 INFO  : 'ps7_post_config' command is executed.
13:03:29 INFO  : Context for processor 'ps7_cortexa9_0' is selected.
13:03:30 INFO  : The application '/home/joaovieira/reconfigurable_computing/xilinx/var_stream_size/BandwidthAssessment.sdk/BandwidthAssessment/Debug/BandwidthAssessment.elf' is downloaded to processor 'ps7_cortexa9_0'.
13:03:30 INFO  : 'configparams force-mem-access 0' command is executed.
13:03:30 INFO  : ----------------XSDB Script----------------
connect -url tcp:127.0.0.1:3121
source /home/joaovieira/reconfigurable_computing/xilinx/var_stream_size/BandwidthAssessment.sdk/design_1_wrapper_hw_platform_0/ps7_init.tcl
targets -set -nocase -filter {name =~"APU*" && jtag_cable_name =~ "Digilent Zybo 210279787593A"} -index 0
rst -system
after 3000
targets -set -filter {jtag_cable_name =~ "Digilent Zybo 210279787593A" && level==0} -index 1
fpga -file /home/joaovieira/reconfigurable_computing/xilinx/var_stream_size/BandwidthAssessment.sdk/design_1_wrapper_hw_platform_0/design_1_wrapper.bit
targets -set -nocase -filter {name =~"APU*" && jtag_cable_name =~ "Digilent Zybo 210279787593A"} -index 0
loadhw -hw /home/joaovieira/reconfigurable_computing/xilinx/var_stream_size/BandwidthAssessment.sdk/design_1_wrapper_hw_platform_0/system.hdf -mem-ranges [list {0x40000000 0xbfffffff}]
configparams force-mem-access 1
targets -set -nocase -filter {name =~"APU*" && jtag_cable_name =~ "Digilent Zybo 210279787593A"} -index 0
ps7_init
ps7_post_config
targets -set -nocase -filter {name =~ "ARM*#0" && jtag_cable_name =~ "Digilent Zybo 210279787593A"} -index 0
dow /home/joaovieira/reconfigurable_computing/xilinx/var_stream_size/BandwidthAssessment.sdk/BandwidthAssessment/Debug/BandwidthAssessment.elf
configparams force-mem-access 0
----------------End of Script----------------

13:03:30 INFO  : Memory regions updated for context APU
13:03:30 INFO  : Context for processor 'ps7_cortexa9_0' is selected.
13:03:30 INFO  : 'con' command is executed.
13:03:30 INFO  : ----------------XSDB Script (After Launch)----------------
targets -set -nocase -filter {name =~ "ARM*#0" && jtag_cable_name =~ "Digilent Zybo 210279787593A"} -index 0
con
----------------End of Script----------------

13:03:30 INFO  : Launch script is exported to file '/home/joaovieira/reconfigurable_computing/xilinx/var_stream_size/BandwidthAssessment.sdk/.sdk/launch_scripts/xilinx_c-c++_application_(system_debugger)/bandwidthassessment.tcl'
14:27:30 INFO  : Disconnected from the channel tcfchan#1.
14:27:31 INFO  : Connected to target on host '127.0.0.1' and port '3121'.
14:27:40 INFO  : ----------------XSDB Script----------------
connect -url tcp:127.0.0.1:3121
----------------End of Script----------------

14:27:44 INFO  : Connected to target on host '127.0.0.1' and port '3121'.
14:27:45 INFO  : Jtag cable 'Digilent Zybo 210279787593A' is selected.
14:27:45 INFO  : 'jtag frequency' command is executed.
14:27:45 INFO  : Sourcing of '/home/joaovieira/reconfigurable_computing/xilinx/var_stream_size/BandwidthAssessment.sdk/design_1_wrapper_hw_platform_0/ps7_init.tcl' is done.
14:27:45 INFO  : Context for 'APU' is selected.
14:27:45 INFO  : System reset is completed.
14:27:48 INFO  : 'after 3000' command is executed.
14:27:48 INFO  : 'targets -set -filter {jtag_cable_name =~ "Digilent Zybo 210279787593A" && level==0} -index 1' command is executed.
14:27:49 INFO  : FPGA configured successfully with bitstream "/home/joaovieira/reconfigurable_computing/xilinx/var_stream_size/BandwidthAssessment.sdk/design_1_wrapper_hw_platform_0/design_1_wrapper.bit"
14:27:49 INFO  : Context for 'APU' is selected.
14:27:54 INFO  : Hardware design information is loaded from '/home/joaovieira/reconfigurable_computing/xilinx/var_stream_size/BandwidthAssessment.sdk/design_1_wrapper_hw_platform_0/system.hdf'.
14:27:54 INFO  : 'configparams force-mem-access 1' command is executed.
14:27:54 INFO  : Context for 'APU' is selected.
14:27:54 INFO  : 'ps7_init' command is executed.
14:27:54 INFO  : 'ps7_post_config' command is executed.
14:27:55 INFO  : Context for processor 'ps7_cortexa9_0' is selected.
14:27:55 INFO  : The application '/home/joaovieira/reconfigurable_computing/xilinx/var_stream_size/BandwidthAssessment.sdk/BandwidthAssessment/Debug/BandwidthAssessment.elf' is downloaded to processor 'ps7_cortexa9_0'.
14:27:55 INFO  : 'configparams force-mem-access 0' command is executed.
14:27:55 INFO  : ----------------XSDB Script----------------
connect -url tcp:127.0.0.1:3121
source /home/joaovieira/reconfigurable_computing/xilinx/var_stream_size/BandwidthAssessment.sdk/design_1_wrapper_hw_platform_0/ps7_init.tcl
targets -set -nocase -filter {name =~"APU*" && jtag_cable_name =~ "Digilent Zybo 210279787593A"} -index 0
rst -system
after 3000
targets -set -filter {jtag_cable_name =~ "Digilent Zybo 210279787593A" && level==0} -index 1
fpga -file /home/joaovieira/reconfigurable_computing/xilinx/var_stream_size/BandwidthAssessment.sdk/design_1_wrapper_hw_platform_0/design_1_wrapper.bit
targets -set -nocase -filter {name =~"APU*" && jtag_cable_name =~ "Digilent Zybo 210279787593A"} -index 0
loadhw -hw /home/joaovieira/reconfigurable_computing/xilinx/var_stream_size/BandwidthAssessment.sdk/design_1_wrapper_hw_platform_0/system.hdf -mem-ranges [list {0x40000000 0xbfffffff}]
configparams force-mem-access 1
targets -set -nocase -filter {name =~"APU*" && jtag_cable_name =~ "Digilent Zybo 210279787593A"} -index 0
ps7_init
ps7_post_config
targets -set -nocase -filter {name =~ "ARM*#0" && jtag_cable_name =~ "Digilent Zybo 210279787593A"} -index 0
dow /home/joaovieira/reconfigurable_computing/xilinx/var_stream_size/BandwidthAssessment.sdk/BandwidthAssessment/Debug/BandwidthAssessment.elf
configparams force-mem-access 0
----------------End of Script----------------

14:27:55 INFO  : Memory regions updated for context APU
14:27:55 INFO  : Context for processor 'ps7_cortexa9_0' is selected.
14:27:55 INFO  : 'con' command is executed.
14:27:55 INFO  : ----------------XSDB Script (After Launch)----------------
targets -set -nocase -filter {name =~ "ARM*#0" && jtag_cable_name =~ "Digilent Zybo 210279787593A"} -index 0
con
----------------End of Script----------------

14:27:55 INFO  : Launch script is exported to file '/home/joaovieira/reconfigurable_computing/xilinx/var_stream_size/BandwidthAssessment.sdk/.sdk/launch_scripts/xilinx_c-c++_application_(system_debugger)/bandwidthassessment.tcl'
14:28:48 INFO  : Disconnected from the channel tcfchan#2.
14:28:49 INFO  : Connected to target on host '127.0.0.1' and port '3121'.
14:28:50 INFO  : Jtag cable 'Digilent Zybo 210279787593A' is selected.
14:28:50 INFO  : 'jtag frequency' command is executed.
14:28:50 INFO  : Sourcing of '/home/joaovieira/reconfigurable_computing/xilinx/var_stream_size/BandwidthAssessment.sdk/design_1_wrapper_hw_platform_0/ps7_init.tcl' is done.
14:28:50 INFO  : Context for 'APU' is selected.
14:28:50 INFO  : System reset is completed.
14:28:53 INFO  : 'after 3000' command is executed.
14:28:53 INFO  : 'targets -set -filter {jtag_cable_name =~ "Digilent Zybo 210279787593A" && level==0} -index 1' command is executed.
14:28:55 INFO  : FPGA configured successfully with bitstream "/home/joaovieira/reconfigurable_computing/xilinx/var_stream_size/BandwidthAssessment.sdk/design_1_wrapper_hw_platform_0/design_1_wrapper.bit"
14:28:55 INFO  : Context for 'APU' is selected.
14:28:58 INFO  : Hardware design information is loaded from '/home/joaovieira/reconfigurable_computing/xilinx/var_stream_size/BandwidthAssessment.sdk/design_1_wrapper_hw_platform_0/system.hdf'.
14:28:58 INFO  : 'configparams force-mem-access 1' command is executed.
14:28:58 INFO  : Context for 'APU' is selected.
14:28:58 INFO  : 'ps7_init' command is executed.
14:28:58 INFO  : 'ps7_post_config' command is executed.
14:28:59 INFO  : Context for processor 'ps7_cortexa9_0' is selected.
14:28:59 INFO  : The application '/home/joaovieira/reconfigurable_computing/xilinx/var_stream_size/BandwidthAssessment.sdk/BandwidthAssessment/Debug/BandwidthAssessment.elf' is downloaded to processor 'ps7_cortexa9_0'.
14:28:59 INFO  : 'configparams force-mem-access 0' command is executed.
14:28:59 INFO  : ----------------XSDB Script----------------
connect -url tcp:127.0.0.1:3121
source /home/joaovieira/reconfigurable_computing/xilinx/var_stream_size/BandwidthAssessment.sdk/design_1_wrapper_hw_platform_0/ps7_init.tcl
targets -set -nocase -filter {name =~"APU*" && jtag_cable_name =~ "Digilent Zybo 210279787593A"} -index 0
rst -system
after 3000
targets -set -filter {jtag_cable_name =~ "Digilent Zybo 210279787593A" && level==0} -index 1
fpga -file /home/joaovieira/reconfigurable_computing/xilinx/var_stream_size/BandwidthAssessment.sdk/design_1_wrapper_hw_platform_0/design_1_wrapper.bit
targets -set -nocase -filter {name =~"APU*" && jtag_cable_name =~ "Digilent Zybo 210279787593A"} -index 0
loadhw -hw /home/joaovieira/reconfigurable_computing/xilinx/var_stream_size/BandwidthAssessment.sdk/design_1_wrapper_hw_platform_0/system.hdf -mem-ranges [list {0x40000000 0xbfffffff}]
configparams force-mem-access 1
targets -set -nocase -filter {name =~"APU*" && jtag_cable_name =~ "Digilent Zybo 210279787593A"} -index 0
ps7_init
ps7_post_config
targets -set -nocase -filter {name =~ "ARM*#0" && jtag_cable_name =~ "Digilent Zybo 210279787593A"} -index 0
dow /home/joaovieira/reconfigurable_computing/xilinx/var_stream_size/BandwidthAssessment.sdk/BandwidthAssessment/Debug/BandwidthAssessment.elf
configparams force-mem-access 0
----------------End of Script----------------

14:28:59 INFO  : Memory regions updated for context APU
14:28:59 INFO  : Context for processor 'ps7_cortexa9_0' is selected.
14:28:59 INFO  : 'con' command is executed.
14:28:59 INFO  : ----------------XSDB Script (After Launch)----------------
targets -set -nocase -filter {name =~ "ARM*#0" && jtag_cable_name =~ "Digilent Zybo 210279787593A"} -index 0
con
----------------End of Script----------------

14:28:59 INFO  : Launch script is exported to file '/home/joaovieira/reconfigurable_computing/xilinx/var_stream_size/BandwidthAssessment.sdk/.sdk/launch_scripts/xilinx_c-c++_application_(system_debugger)/bandwidthassessment.tcl'
14:37:49 INFO  : Disconnected from the channel tcfchan#3.
15:33:42 INFO  : Registering command handlers for SDK TCF services
15:33:46 INFO  : Launching XSCT server: xsct -n -interactive /home/joaovieira/FPGA_SoC_DMA_stress/xilinx/hw/duplex_var_stream_size/BandwidthAssessment.sdk/temp_xsdb_launch_script.tcl
15:33:52 INFO  : XSCT server has started successfully.
15:33:52 INFO  : Successfully done setting XSCT server connection channel  
15:33:56 INFO  : Successfully done setting SDK workspace  
15:33:56 INFO  : Processing command line option -hwspec /home/joaovieira/FPGA_SoC_DMA_stress/xilinx/hw/duplex_var_stream_size/BandwidthAssessment.sdk/design_1_wrapper.hdf.
15:34:30 ERROR : (XSDB Server)ERROR: [HDF 64-5] File not found - /home/joaovieira/FPGA_SoC_DMA_stress/xilinx/hw/duplex_var_stream_size/BandwidthAssessment.sdk/design_1_wrapper_hw_platform_1/system.hdf

15:34:30 ERROR : Failed to openhw "/home/joaovieira/FPGA_SoC_DMA_stress/xilinx/hw/duplex_var_stream_size/BandwidthAssessment.sdk/design_1_wrapper_hw_platform_1/system.hdf"
Reason: ERROR: [Common 17-39] 'hsi::open_hw_design' failed due to earlier errors.

15:34:30 ERROR : Unexpected error while saving path to source Hardware Specification File: {}
org.eclipse.core.internal.resources.ResourceException: Resource '/design_1_wrapper_hw_platform_1' does not exist.
	at org.eclipse.core.internal.resources.Resource.checkExists(Resource.java:335)
	at org.eclipse.core.internal.resources.Resource.checkAccessible(Resource.java:209)
	at org.eclipse.core.internal.resources.Project.checkAccessible(Project.java:141)
	at org.eclipse.core.internal.resources.Resource.checkAccessibleAndLocal(Resource.java:215)
	at org.eclipse.core.internal.resources.Resource.setPersistentProperty(Resource.java:1725)
	at com.xilinx.sdk.hw.HwProjectUtil.saveSourceHwSpecPath(HwProjectUtil.java:830)
	at com.xilinx.sdk.hw.sync.HwSpecChangeUtil.hasSpecChanged(HwSpecChangeUtil.java:299)
	at com.xilinx.sdk.hw.sync.HwSpecChangeUtil.hasChanges(HwSpecChangeUtil.java:72)
	at com.xilinx.sdk.hw.sync.HwPlatformMonitor.doMonitorTask(HwPlatformMonitor.java:52)
	at com.xilinx.sdk.hw.sync.HwPlatformMonitor.access$0(HwPlatformMonitor.java:41)
	at com.xilinx.sdk.hw.sync.HwPlatformMonitor$1.run(HwPlatformMonitor.java:33)
	at org.eclipse.swt.widgets.RunnableLock.run(RunnableLock.java:35)
	at org.eclipse.swt.widgets.Synchronizer.runAsyncMessages(Synchronizer.java:182)
	at org.eclipse.swt.widgets.Display.runAsyncMessages(Display.java:4528)
	at org.eclipse.swt.widgets.Display.readAndDispatch(Display.java:4146)
	at org.eclipse.jface.operation.ModalContext$ModalContextThread.block(ModalContext.java:165)
	at org.eclipse.jface.operation.ModalContext.run(ModalContext.java:369)
	at org.eclipse.ltk.internal.ui.refactoring.RefactoringWizardDialog2.run(RefactoringWizardDialog2.java:319)
	at org.eclipse.ltk.ui.refactoring.RefactoringWizard.internalPerformFinish(RefactoringWizard.java:636)
	at org.eclipse.ltk.internal.ui.refactoring.ErrorWizardPage.performFinish(ErrorWizardPage.java:148)
	at org.eclipse.ltk.ui.refactoring.RefactoringWizard.performFinish(RefactoringWizard.java:710)
	at org.eclipse.ltk.internal.ui.refactoring.RefactoringWizardDialog2.okPressed(RefactoringWizardDialog2.java:458)
	at org.eclipse.jface.dialogs.Dialog.buttonPressed(Dialog.java:466)
	at org.eclipse.jface.dialogs.Dialog$2.widgetSelected(Dialog.java:618)
	at org.eclipse.swt.widgets.TypedListener.handleEvent(TypedListener.java:249)
	at org.eclipse.swt.widgets.EventTable.sendEvent(EventTable.java:84)
	at org.eclipse.swt.widgets.Display.sendEvent(Display.java:5219)
	at org.eclipse.swt.widgets.Widget.sendEvent(Widget.java:1340)
	at org.eclipse.swt.widgets.Display.runDeferredEvents(Display.java:4553)
	at org.eclipse.swt.widgets.Display.readAndDispatch(Display.java:4143)
	at org.eclipse.jface.window.Window.runEventLoop(Window.java:818)
	at org.eclipse.jface.window.Window.open(Window.java:794)
	at org.eclipse.ltk.ui.refactoring.RefactoringWizardOpenOperation$1.run(RefactoringWizardOpenOperation.java:188)
	at org.eclipse.swt.custom.BusyIndicator.showWhile(BusyIndicator.java:70)
	at org.eclipse.ltk.ui.refactoring.RefactoringWizardOpenOperation.run(RefactoringWizardOpenOperation.java:203)
	at org.eclipse.ltk.ui.refactoring.RefactoringWizardOpenOperation.run(RefactoringWizardOpenOperation.java:122)
	at org.eclipse.ltk.internal.ui.refactoring.actions.DeleteResourcesHandler.execute(DeleteResourcesHandler.java:41)
	at org.eclipse.ui.internal.handlers.HandlerProxy.execute(HandlerProxy.java:295)
	at org.eclipse.ui.internal.handlers.E4HandlerProxy.execute(E4HandlerProxy.java:90)
	at sun.reflect.NativeMethodAccessorImpl.invoke0(Native Method)
	at sun.reflect.NativeMethodAccessorImpl.invoke(NativeMethodAccessorImpl.java:62)
	at sun.reflect.DelegatingMethodAccessorImpl.invoke(DelegatingMethodAccessorImpl.java:43)
	at java.lang.reflect.Method.invoke(Method.java:498)
	at org.eclipse.e4.core.internal.di.MethodRequestor.execute(MethodRequestor.java:55)
	at org.eclipse.e4.core.internal.di.InjectorImpl.invokeUsingClass(InjectorImpl.java:282)
	at org.eclipse.e4.core.internal.di.InjectorImpl.invoke(InjectorImpl.java:264)
	at org.eclipse.e4.core.contexts.ContextInjectionFactory.invoke(ContextInjectionFactory.java:132)
	at org.eclipse.e4.core.commands.internal.HandlerServiceHandler.execute(HandlerServiceHandler.java:152)
	at org.eclipse.core.commands.Command.executeWithChecks(Command.java:494)
	at org.eclipse.core.commands.ParameterizedCommand.executeWithChecks(ParameterizedCommand.java:488)
	at org.eclipse.e4.core.commands.internal.HandlerServiceImpl.executeHandler(HandlerServiceImpl.java:210)
	at org.eclipse.ui.internal.handlers.LegacyHandlerService.executeCommandInContext(LegacyHandlerService.java:405)
	at org.eclipse.ui.internal.ide.actions.LTKLauncher.runCommand(LTKLauncher.java:96)
	at org.eclipse.ui.internal.ide.actions.LTKLauncher.openDeleteWizard(LTKLauncher.java:48)
	at org.eclipse.ui.actions.DeleteResourceAction.run(DeleteResourceAction.java:445)
	at org.eclipse.ui.actions.BaseSelectionListenerAction.runWithEvent(BaseSelectionListenerAction.java:167)
	at org.eclipse.ui.actions.TextActionHandler$DeleteActionHandler.runWithEvent(TextActionHandler.java:169)
	at org.eclipse.jface.commands.ActionHandler.execute(ActionHandler.java:118)
	at org.eclipse.ui.internal.handlers.E4HandlerProxy.execute(E4HandlerProxy.java:90)
	at sun.reflect.NativeMethodAccessorImpl.invoke0(Native Method)
	at sun.reflect.NativeMethodAccessorImpl.invoke(NativeMethodAccessorImpl.java:62)
	at sun.reflect.DelegatingMethodAccessorImpl.invoke(DelegatingMethodAccessorImpl.java:43)
	at java.lang.reflect.Method.invoke(Method.java:498)
	at org.eclipse.e4.core.internal.di.MethodRequestor.execute(MethodRequestor.java:55)
	at org.eclipse.e4.core.internal.di.InjectorImpl.invokeUsingClass(InjectorImpl.java:282)
	at org.eclipse.e4.core.internal.di.InjectorImpl.invoke(InjectorImpl.java:264)
	at org.eclipse.e4.core.contexts.ContextInjectionFactory.invoke(ContextInjectionFactory.java:132)
	at org.eclipse.e4.core.commands.internal.HandlerServiceHandler.execute(HandlerServiceHandler.java:152)
	at org.eclipse.core.commands.Command.executeWithChecks(Command.java:494)
	at org.eclipse.core.commands.ParameterizedCommand.executeWithChecks(ParameterizedCommand.java:488)
	at org.eclipse.e4.core.commands.internal.HandlerServiceImpl.executeHandler(HandlerServiceImpl.java:210)
	at org.eclipse.e4.ui.bindings.keys.KeyBindingDispatcher.executeCommand(KeyBindingDispatcher.java:286)
	at org.eclipse.e4.ui.bindings.keys.KeyBindingDispatcher.press(KeyBindingDispatcher.java:507)
	at org.eclipse.e4.ui.bindings.keys.KeyBindingDispatcher.processKeyEvent(KeyBindingDispatcher.java:558)
	at org.eclipse.e4.ui.bindings.keys.OutOfOrderListener.handleEvent(OutOfOrderListener.java:72)
	at org.eclipse.swt.widgets.EventTable.sendEvent(EventTable.java:84)
	at org.eclipse.swt.widgets.Display.sendEvent(Display.java:5219)
	at org.eclipse.swt.widgets.Widget.sendEvent(Widget.java:1340)
	at org.eclipse.swt.widgets.Widget.sendEvent(Widget.java:1366)
	at org.eclipse.swt.widgets.Widget.sendEvent(Widget.java:1349)
	at org.eclipse.swt.widgets.Widget.sendKeyEvent(Widget.java:1378)
	at org.eclipse.swt.widgets.Widget.gtk_key_press_event(Widget.java:764)
	at org.eclipse.swt.widgets.Control.gtk_key_press_event(Control.java:3457)
	at org.eclipse.swt.widgets.Composite.gtk_key_press_event(Composite.java:801)
	at org.eclipse.swt.widgets.Tree.gtk_key_press_event(Tree.java:1971)
	at org.eclipse.swt.widgets.Widget.windowProc(Widget.java:2000)
	at org.eclipse.swt.widgets.Control.windowProc(Control.java:5819)
	at org.eclipse.swt.widgets.Tree.windowProc(Tree.java:3721)
	at org.eclipse.swt.widgets.Display.windowProc(Display.java:5490)
	at org.eclipse.swt.internal.gtk.OS._gtk_main_do_event(Native Method)
	at org.eclipse.swt.internal.gtk.OS.gtk_main_do_event(OS.java:9555)
	at org.eclipse.swt.widgets.Display.eventProc(Display.java:1275)
	at org.eclipse.swt.internal.gtk.OS._g_main_context_iteration(Native Method)
	at org.eclipse.swt.internal.gtk.OS.g_main_context_iteration(OS.java:2495)
	at org.eclipse.swt.widgets.Display.readAndDispatch(Display.java:4141)
	at org.eclipse.e4.ui.internal.workbench.swt.PartRenderingEngine$4.run(PartRenderingEngine.java:1121)
	at org.eclipse.core.databinding.observable.Realm.runWithDefault(Realm.java:336)
	at org.eclipse.e4.ui.internal.workbench.swt.PartRenderingEngine.run(PartRenderingEngine.java:1022)
	at org.eclipse.e4.ui.internal.workbench.E4Workbench.createAndRunUI(E4Workbench.java:150)
	at org.eclipse.ui.internal.Workbench$5.run(Workbench.java:687)
	at org.eclipse.core.databinding.observable.Realm.runWithDefault(Realm.java:336)
	at org.eclipse.ui.internal.Workbench.createAndRunWorkbench(Workbench.java:604)
	at org.eclipse.ui.PlatformUI.createAndRunWorkbench(PlatformUI.java:148)
	at org.eclipse.ui.internal.ide.application.IDEApplication.start(IDEApplication.java:138)
	at org.eclipse.equinox.internal.app.EclipseAppHandle.run(EclipseAppHandle.java:196)
	at org.eclipse.core.runtime.internal.adaptor.EclipseAppLauncher.runApplication(EclipseAppLauncher.java:134)
	at org.eclipse.core.runtime.internal.adaptor.EclipseAppLauncher.start(EclipseAppLauncher.java:104)
	at org.eclipse.core.runtime.adaptor.EclipseStarter.run(EclipseStarter.java:388)
	at org.eclipse.core.runtime.adaptor.EclipseStarter.run(EclipseStarter.java:243)
	at sun.reflect.NativeMethodAccessorImpl.invoke0(Native Method)
	at sun.reflect.NativeMethodAccessorImpl.invoke(NativeMethodAccessorImpl.java:62)
	at sun.reflect.DelegatingMethodAccessorImpl.invoke(DelegatingMethodAccessorImpl.java:43)
	at java.lang.reflect.Method.invoke(Method.java:498)
	at org.eclipse.equinox.launcher.Main.invokeFramework(Main.java:673)
	at org.eclipse.equinox.launcher.Main.basicRun(Main.java:610)
	at org.eclipse.equinox.launcher.Main.run(Main.java:1519)
	at org.eclipse.equinox.launcher.Main.main(Main.java:1492)
15:34:30 INFO  : Project design_1_wrapper_hw_platform_1's source hardware specification location will not be monitored anymore.
15:35:04 INFO  : Launching XSCT server: xsct -n -interactive /home/joaovieira/FPGA_SoC_DMA_stress/xilinx/hw/duplex_var_stream_size/BandwidthAssessment.sdk/temp_xsdb_launch_script.tcl
15:35:08 INFO  : XSCT server has started successfully.
15:35:11 INFO  : Successfully done setting XSCT server connection channel  
15:35:11 INFO  : Successfully done setting SDK workspace  
15:35:12 INFO  : Registering command handlers for SDK TCF services
15:35:13 INFO  : Processing command line option -hwspec /home/joaovieira/FPGA_SoC_DMA_stress/xilinx/hw/duplex_var_stream_size/BandwidthAssessment.sdk/design_1_wrapper.hdf.
15:35:52 INFO  : Connected to target on host '127.0.0.1' and port '3121'.
15:35:53 INFO  : Jtag cable 'Digilent Zybo 210279787593A' is selected.
15:35:53 INFO  : 'jtag frequency' command is executed.
15:35:53 INFO  : Sourcing of '/home/joaovieira/FPGA_SoC_DMA_stress/xilinx/hw/duplex_var_stream_size/BandwidthAssessment.sdk/design_1_wrapper_hw_platform_0/ps7_init.tcl' is done.
15:35:53 INFO  : Context for 'APU' is selected.
15:35:53 INFO  : System reset is completed.
15:35:56 INFO  : 'after 3000' command is executed.
15:35:56 INFO  : 'targets -set -filter {jtag_cable_name =~ "Digilent Zybo 210279787593A" && level==0} -index 1' command is executed.
15:35:58 INFO  : FPGA configured successfully with bitstream "/home/joaovieira/FPGA_SoC_DMA_stress/xilinx/hw/duplex_var_stream_size/BandwidthAssessment.sdk/design_1_wrapper_hw_platform_0/design_1_wrapper.bit"
15:35:58 INFO  : Context for 'APU' is selected.
15:35:58 INFO  : Hardware design information is loaded from '/home/joaovieira/FPGA_SoC_DMA_stress/xilinx/hw/duplex_var_stream_size/BandwidthAssessment.sdk/design_1_wrapper_hw_platform_0/system.hdf'.
15:35:58 INFO  : 'configparams force-mem-access 1' command is executed.
15:35:58 INFO  : Context for 'APU' is selected.
15:35:58 INFO  : 'ps7_init' command is executed.
15:35:58 INFO  : 'ps7_post_config' command is executed.
15:35:58 INFO  : Context for processor 'ps7_cortexa9_0' is selected.
15:35:59 INFO  : The application '/home/joaovieira/FPGA_SoC_DMA_stress/xilinx/hw/duplex_var_stream_size/BandwidthAssessment.sdk/BandwidthAssessment/Debug/BandwidthAssessment.elf' is downloaded to processor 'ps7_cortexa9_0'.
15:35:59 INFO  : 'configparams force-mem-access 0' command is executed.
15:35:59 INFO  : ----------------XSDB Script----------------
connect -url tcp:127.0.0.1:3121
source /home/joaovieira/FPGA_SoC_DMA_stress/xilinx/hw/duplex_var_stream_size/BandwidthAssessment.sdk/design_1_wrapper_hw_platform_0/ps7_init.tcl
targets -set -nocase -filter {name =~"APU*" && jtag_cable_name =~ "Digilent Zybo 210279787593A"} -index 0
rst -system
after 3000
targets -set -filter {jtag_cable_name =~ "Digilent Zybo 210279787593A" && level==0} -index 1
fpga -file /home/joaovieira/FPGA_SoC_DMA_stress/xilinx/hw/duplex_var_stream_size/BandwidthAssessment.sdk/design_1_wrapper_hw_platform_0/design_1_wrapper.bit
targets -set -nocase -filter {name =~"APU*" && jtag_cable_name =~ "Digilent Zybo 210279787593A"} -index 0
loadhw -hw /home/joaovieira/FPGA_SoC_DMA_stress/xilinx/hw/duplex_var_stream_size/BandwidthAssessment.sdk/design_1_wrapper_hw_platform_0/system.hdf -mem-ranges [list {0x40000000 0xbfffffff}]
configparams force-mem-access 1
targets -set -nocase -filter {name =~"APU*" && jtag_cable_name =~ "Digilent Zybo 210279787593A"} -index 0
ps7_init
ps7_post_config
targets -set -nocase -filter {name =~ "ARM*#0" && jtag_cable_name =~ "Digilent Zybo 210279787593A"} -index 0
dow /home/joaovieira/FPGA_SoC_DMA_stress/xilinx/hw/duplex_var_stream_size/BandwidthAssessment.sdk/BandwidthAssessment/Debug/BandwidthAssessment.elf
configparams force-mem-access 0
----------------End of Script----------------

15:35:59 INFO  : Memory regions updated for context APU
15:35:59 INFO  : Context for processor 'ps7_cortexa9_0' is selected.
15:35:59 INFO  : 'con' command is executed.
15:35:59 INFO  : ----------------XSDB Script (After Launch)----------------
targets -set -nocase -filter {name =~ "ARM*#0" && jtag_cable_name =~ "Digilent Zybo 210279787593A"} -index 0
con
----------------End of Script----------------

15:35:59 INFO  : Launch script is exported to file '/home/joaovieira/FPGA_SoC_DMA_stress/xilinx/hw/duplex_var_stream_size/BandwidthAssessment.sdk/.sdk/launch_scripts/xilinx_c-c++_application_(system_debugger)/bandwidthassessment.tcl'
15:39:37 INFO  : Disconnected from the channel tcfchan#1.
15:39:38 INFO  : Connected to target on host '127.0.0.1' and port '3121'.
15:39:38 INFO  : Jtag cable 'Digilent Zybo 210279787593A' is selected.
15:39:38 INFO  : 'jtag frequency' command is executed.
15:39:38 INFO  : Sourcing of '/home/joaovieira/FPGA_SoC_DMA_stress/xilinx/hw/duplex_var_stream_size/BandwidthAssessment.sdk/design_1_wrapper_hw_platform_0/ps7_init.tcl' is done.
15:39:38 INFO  : Context for 'APU' is selected.
15:39:38 INFO  : System reset is completed.
15:39:41 INFO  : 'after 3000' command is executed.
15:39:41 INFO  : 'targets -set -filter {jtag_cable_name =~ "Digilent Zybo 210279787593A" && level==0} -index 1' command is executed.
15:39:43 INFO  : FPGA configured successfully with bitstream "/home/joaovieira/FPGA_SoC_DMA_stress/xilinx/hw/duplex_var_stream_size/BandwidthAssessment.sdk/design_1_wrapper_hw_platform_0/design_1_wrapper.bit"
15:39:43 INFO  : Context for 'APU' is selected.
15:39:46 INFO  : Hardware design information is loaded from '/home/joaovieira/FPGA_SoC_DMA_stress/xilinx/hw/duplex_var_stream_size/BandwidthAssessment.sdk/design_1_wrapper_hw_platform_0/system.hdf'.
15:39:46 INFO  : 'configparams force-mem-access 1' command is executed.
15:39:46 INFO  : Context for 'APU' is selected.
15:39:46 INFO  : 'ps7_init' command is executed.
15:39:46 INFO  : 'ps7_post_config' command is executed.
15:39:46 INFO  : Context for processor 'ps7_cortexa9_0' is selected.
15:39:47 INFO  : The application '/home/joaovieira/FPGA_SoC_DMA_stress/xilinx/hw/duplex_var_stream_size/BandwidthAssessment.sdk/BandwidthAssessment/Debug/BandwidthAssessment.elf' is downloaded to processor 'ps7_cortexa9_0'.
15:39:47 INFO  : 'configparams force-mem-access 0' command is executed.
15:39:47 INFO  : ----------------XSDB Script----------------
connect -url tcp:127.0.0.1:3121
source /home/joaovieira/FPGA_SoC_DMA_stress/xilinx/hw/duplex_var_stream_size/BandwidthAssessment.sdk/design_1_wrapper_hw_platform_0/ps7_init.tcl
targets -set -nocase -filter {name =~"APU*" && jtag_cable_name =~ "Digilent Zybo 210279787593A"} -index 0
rst -system
after 3000
targets -set -filter {jtag_cable_name =~ "Digilent Zybo 210279787593A" && level==0} -index 1
fpga -file /home/joaovieira/FPGA_SoC_DMA_stress/xilinx/hw/duplex_var_stream_size/BandwidthAssessment.sdk/design_1_wrapper_hw_platform_0/design_1_wrapper.bit
targets -set -nocase -filter {name =~"APU*" && jtag_cable_name =~ "Digilent Zybo 210279787593A"} -index 0
loadhw -hw /home/joaovieira/FPGA_SoC_DMA_stress/xilinx/hw/duplex_var_stream_size/BandwidthAssessment.sdk/design_1_wrapper_hw_platform_0/system.hdf -mem-ranges [list {0x40000000 0xbfffffff}]
configparams force-mem-access 1
targets -set -nocase -filter {name =~"APU*" && jtag_cable_name =~ "Digilent Zybo 210279787593A"} -index 0
ps7_init
ps7_post_config
targets -set -nocase -filter {name =~ "ARM*#0" && jtag_cable_name =~ "Digilent Zybo 210279787593A"} -index 0
dow /home/joaovieira/FPGA_SoC_DMA_stress/xilinx/hw/duplex_var_stream_size/BandwidthAssessment.sdk/BandwidthAssessment/Debug/BandwidthAssessment.elf
configparams force-mem-access 0
----------------End of Script----------------

15:39:47 INFO  : Memory regions updated for context APU
15:39:47 INFO  : Context for processor 'ps7_cortexa9_0' is selected.
15:39:47 INFO  : 'con' command is executed.
15:39:47 INFO  : ----------------XSDB Script (After Launch)----------------
targets -set -nocase -filter {name =~ "ARM*#0" && jtag_cable_name =~ "Digilent Zybo 210279787593A"} -index 0
con
----------------End of Script----------------

15:39:47 INFO  : Launch script is exported to file '/home/joaovieira/FPGA_SoC_DMA_stress/xilinx/hw/duplex_var_stream_size/BandwidthAssessment.sdk/.sdk/launch_scripts/xilinx_c-c++_application_(system_debugger)/bandwidthassessment.tcl'
15:41:29 INFO  : Disconnected from the channel tcfchan#2.
15:41:30 INFO  : Connected to target on host '127.0.0.1' and port '3121'.
15:41:31 INFO  : Jtag cable 'Digilent Zybo 210279787593A' is selected.
15:41:31 INFO  : 'jtag frequency' command is executed.
15:41:31 INFO  : Sourcing of '/home/joaovieira/FPGA_SoC_DMA_stress/xilinx/hw/duplex_var_stream_size/BandwidthAssessment.sdk/design_1_wrapper_hw_platform_0/ps7_init.tcl' is done.
15:41:31 INFO  : Context for 'APU' is selected.
15:41:31 INFO  : System reset is completed.
15:41:34 INFO  : 'after 3000' command is executed.
15:41:34 INFO  : 'targets -set -filter {jtag_cable_name =~ "Digilent Zybo 210279787593A" && level==0} -index 1' command is executed.
15:41:35 INFO  : FPGA configured successfully with bitstream "/home/joaovieira/FPGA_SoC_DMA_stress/xilinx/hw/duplex_var_stream_size/BandwidthAssessment.sdk/design_1_wrapper_hw_platform_0/design_1_wrapper.bit"
15:41:35 INFO  : Context for 'APU' is selected.
15:41:38 INFO  : Hardware design information is loaded from '/home/joaovieira/FPGA_SoC_DMA_stress/xilinx/hw/duplex_var_stream_size/BandwidthAssessment.sdk/design_1_wrapper_hw_platform_0/system.hdf'.
15:41:38 INFO  : 'configparams force-mem-access 1' command is executed.
15:41:38 INFO  : Context for 'APU' is selected.
15:41:38 INFO  : 'ps7_init' command is executed.
15:41:38 INFO  : 'ps7_post_config' command is executed.
15:41:38 INFO  : Context for processor 'ps7_cortexa9_0' is selected.
15:41:39 INFO  : The application '/home/joaovieira/FPGA_SoC_DMA_stress/xilinx/hw/duplex_var_stream_size/BandwidthAssessment.sdk/BandwidthAssessment/Debug/BandwidthAssessment.elf' is downloaded to processor 'ps7_cortexa9_0'.
15:41:39 INFO  : 'configparams force-mem-access 0' command is executed.
15:41:39 INFO  : ----------------XSDB Script----------------
connect -url tcp:127.0.0.1:3121
source /home/joaovieira/FPGA_SoC_DMA_stress/xilinx/hw/duplex_var_stream_size/BandwidthAssessment.sdk/design_1_wrapper_hw_platform_0/ps7_init.tcl
targets -set -nocase -filter {name =~"APU*" && jtag_cable_name =~ "Digilent Zybo 210279787593A"} -index 0
rst -system
after 3000
targets -set -filter {jtag_cable_name =~ "Digilent Zybo 210279787593A" && level==0} -index 1
fpga -file /home/joaovieira/FPGA_SoC_DMA_stress/xilinx/hw/duplex_var_stream_size/BandwidthAssessment.sdk/design_1_wrapper_hw_platform_0/design_1_wrapper.bit
targets -set -nocase -filter {name =~"APU*" && jtag_cable_name =~ "Digilent Zybo 210279787593A"} -index 0
loadhw -hw /home/joaovieira/FPGA_SoC_DMA_stress/xilinx/hw/duplex_var_stream_size/BandwidthAssessment.sdk/design_1_wrapper_hw_platform_0/system.hdf -mem-ranges [list {0x40000000 0xbfffffff}]
configparams force-mem-access 1
targets -set -nocase -filter {name =~"APU*" && jtag_cable_name =~ "Digilent Zybo 210279787593A"} -index 0
ps7_init
ps7_post_config
targets -set -nocase -filter {name =~ "ARM*#0" && jtag_cable_name =~ "Digilent Zybo 210279787593A"} -index 0
dow /home/joaovieira/FPGA_SoC_DMA_stress/xilinx/hw/duplex_var_stream_size/BandwidthAssessment.sdk/BandwidthAssessment/Debug/BandwidthAssessment.elf
configparams force-mem-access 0
----------------End of Script----------------

15:41:39 INFO  : Memory regions updated for context APU
15:41:39 INFO  : Context for processor 'ps7_cortexa9_0' is selected.
15:41:39 INFO  : 'con' command is executed.
15:41:39 INFO  : ----------------XSDB Script (After Launch)----------------
targets -set -nocase -filter {name =~ "ARM*#0" && jtag_cable_name =~ "Digilent Zybo 210279787593A"} -index 0
con
----------------End of Script----------------

15:41:39 INFO  : Launch script is exported to file '/home/joaovieira/FPGA_SoC_DMA_stress/xilinx/hw/duplex_var_stream_size/BandwidthAssessment.sdk/.sdk/launch_scripts/xilinx_c-c++_application_(system_debugger)/bandwidthassessment.tcl'
15:42:19 INFO  : Disconnected from the channel tcfchan#3.
